<?xml version="1.0" encoding="UTF-8"?>
<robot generator="Robot 4.0.3 (Python 3.8.2 on win32)" generated="20210628 23:40:45.455" rpa="false" schemaversion="2">
<suite id="s1" name="Suites">
<suite id="s1-s1" name="DDT2 excel" source="C:\Users\Subrat_Das\Desktop\EPAM_WorkSpace\DEMO_PROJECTS_FOR_AUTOMATION_TRAINING\Robot_Framework\TestCases\DDT2_excel.robot">
<kw name="Open my Browser" library="login_resources" type="SETUP">
<kw name="Open Browser" library="SeleniumLibrary">
<arg>${LOGIN URL}</arg>
<arg>${BROSWER}</arg>
<doc>Opens a new browser instance to the optional ``url``.</doc>
<msg timestamp="20210628 23:40:45.876" level="INFO">Opening browser 'chrome' to base url 'https://admin-demo.nopcommerce.com/'.</msg>
<status status="PASS" starttime="20210628 23:40:45.874" endtime="20210628 23:40:55.062"/>
</kw>
<kw name="Maximize Browser Window" library="SeleniumLibrary">
<doc>Maximizes current browser window.</doc>
<status status="PASS" starttime="20210628 23:40:55.062" endtime="20210628 23:40:55.366"/>
</kw>
<status status="PASS" starttime="20210628 23:40:45.873" endtime="20210628 23:40:55.367"/>
</kw>
<test id="s1-s1-t1" name="LoginTestWithExcel using ${username} ${password}">
<status status="FAIL" starttime="20210628 23:40:55.370" endtime="20210628 23:40:55.374">Test case contains no keywords.</status>
</test>
<kw name="Close Browsers" library="login_resources" type="TEARDOWN">
<kw name="Close All Browsers" library="SeleniumLibrary">
<doc>Closes all open browsers and resets the browser cache.</doc>
<status status="PASS" starttime="20210628 23:40:55.380" endtime="20210628 23:40:57.615"/>
</kw>
<status status="PASS" starttime="20210628 23:40:55.379" endtime="20210628 23:40:57.616"/>
</kw>
<status status="FAIL" starttime="20210628 23:40:45.500" endtime="20210628 23:40:57.616"/>
</suite>
<status status="FAIL" starttime="20210628 23:40:45.471" endtime="20210628 23:40:57.620"/>
</suite>
<statistics>
<total>
<stat pass="0" fail="1" skip="0">All Tests</stat>
</total>
<tag>
</tag>
<suite>
<stat pass="0" fail="1" skip="0" id="s1" name="Suites">Suites</stat>
<stat pass="0" fail="1" skip="0" id="s1-s1" name="DDT2 excel">Suites.DDT2 excel</stat>
</suite>
</statistics>
<errors>
<msg timestamp="20210628 23:40:45.872" level="ERROR">Error in file 'C:\Users\Subrat_Das\Desktop\EPAM_WorkSpace\DEMO_PROJECTS_FOR_AUTOMATION_TRAINING\Robot_Framework\TestCases\DDT2_excel.robot' on line 4: Importing library 'DataDriver ../TestData/logindata.csv' failed: ModuleNotFoundError: No module named 'DataDriver '
Traceback (most recent call last):
  None
PYTHONPATH:
  C:\Users\Subrat_Das\Desktop\EPAM_WorkSpace\DEMO_PROJECTS_FOR_AUTOMATION_TRAINING\Robot_Framework\venv\Scripts\robot.exe
  C:\Program Files\Python38\python38.zip
  C:\Program Files\Python38\DLLs
  C:\Program Files\Python38\lib
  C:\Program Files\Python38
  c:\users\subrat_das\desktop\epam_workspace\demo_projects_for_automation_training\robot_framework\venv
  c:\users\subrat_das\desktop\epam_workspace\demo_projects_for_automation_training\robot_framework\venv\lib\site-packages</msg>
</errors>
</robot>
